2023-10-18 21:10:21,798 [INFO] from play.api.db.DefaultDBApi in play-dev-mode-akka.actor.default-dispatcher-7 - Database [default] initialized
2023-10-18 21:10:21,800 [INFO] from play.api.db.HikariCPConnectionPool in play-dev-mode-akka.actor.default-dispatcher-7 - Creating Pool for datasource 'default'
2023-10-18 21:10:21,915 [INFO] from play.api.http.EnabledFilters in play-dev-mode-akka.actor.default-dispatcher-7 - Enabled Filters (see <https://www.playframework.com/documentation/latest/Filters>):

    play.filters.csrf.CSRFFilter
    play.filters.headers.SecurityHeadersFilter
    play.filters.hosts.AllowedHostsFilter
    play.filters.cors.CORSFilter

2023-10-18 21:10:21,954 [INFO] from play.api.Play in play-dev-mode-akka.actor.default-dispatcher-7 - Application started (Dev) (no global state)
2023-10-18 21:13:24,781 [ERROR] from play.api.http.DefaultHttpErrorHandler in application-akka.actor.default-dispatcher-6 - 

! @839cjk7d9 - Internal server error, for (POST) [/getAttendanceCountByStatus] ->
 
play.api.http.HttpErrorHandlerExceptions$$anon$1: Execution exception[[NullPointerException: null]]
	at play.api.http.HttpErrorHandlerExceptions$.$anonfun$convertToPlayException$2(HttpErrorHandler.scala:381)
	at scala.Option.map(Option.scala:242)
	at play.api.http.HttpErrorHandlerExceptions$.convertToPlayException(HttpErrorHandler.scala:380)
	at play.api.http.HttpErrorHandlerExceptions$.throwableToUsefulException(HttpErrorHandler.scala:373)
	at play.api.http.DefaultHttpErrorHandler.onServerError(HttpErrorHandler.scala:264)
	at play.filters.cors.AbstractCORSPolicy$$anonfun$1.applyOrElse(AbstractCORSPolicy.scala:128)
	at play.filters.cors.AbstractCORSPolicy$$anonfun$1.applyOrElse(AbstractCORSPolicy.scala:126)
	at scala.concurrent.impl.Promise$Transformation.run(Promise.scala:490)
	at play.api.libs.streams.Execution$trampoline$.execute(Execution.scala:70)
	at scala.concurrent.impl.Promise$Transformation.submitWithValue(Promise.scala:429)
	at scala.concurrent.impl.Promise$DefaultPromise.submitWithValue(Promise.scala:338)
	at scala.concurrent.impl.Promise$DefaultPromise.dispatchOrAddCallbacks(Promise.scala:312)
	at scala.concurrent.impl.Promise$DefaultPromise.recoverWith(Promise.scala:200)
	at play.api.libs.streams.StrictAccumulator.$anonfun$recoverWith$3(Accumulator.scala:190)
	at scala.Function1.$anonfun$andThen$1(Function1.scala:87)
	at scala.Function1.$anonfun$andThen$1(Function1.scala:87)
	at scala.Function1.$anonfun$andThen$1(Function1.scala:87)
	at scala.Function1.$anonfun$andThen$1(Function1.scala:87)
	at play.api.libs.streams.StrictAccumulator.run(Accumulator.scala:199)
	at play.core.server.AkkaHttpServer.$anonfun$runAction$4(AkkaHttpServer.scala:428)
	at akka.http.scaladsl.util.FastFuture$.strictTransform$1(FastFuture.scala:41)
	at akka.http.scaladsl.util.FastFuture$.$anonfun$transformWith$3(FastFuture.scala:51)
	at scala.concurrent.impl.Promise$Transformation.run(Promise.scala:484)
	at akka.dispatch.BatchingExecutor$AbstractBatch.processBatch(BatchingExecutor.scala:63)
	at akka.dispatch.BatchingExecutor$BlockableBatch.$anonfun$run$1(BatchingExecutor.scala:100)
	at scala.runtime.java8.JFunction0$mcV$sp.apply(JFunction0$mcV$sp.scala:18)
	at scala.concurrent.BlockContext$.withBlockContext(BlockContext.scala:94)
	at akka.dispatch.BatchingExecutor$BlockableBatch.run(BatchingExecutor.scala:100)
	at akka.dispatch.TaskInvocation.run(AbstractDispatcher.scala:49)
	at akka.dispatch.ForkJoinExecutorConfigurator$AkkaForkJoinTask.exec(ForkJoinExecutorConfigurator.scala:48)
	at java.base/java.util.concurrent.ForkJoinTask.doExec(ForkJoinTask.java:290)
	at java.base/java.util.concurrent.ForkJoinPool$WorkQueue.topLevelExec(ForkJoinPool.java:1020)
	at java.base/java.util.concurrent.ForkJoinPool.scan(ForkJoinPool.java:1656)
	at java.base/java.util.concurrent.ForkJoinPool.runWorker(ForkJoinPool.java:1594)
	at java.base/java.util.concurrent.ForkJoinWorkerThread.run(ForkJoinWorkerThread.java:183)
Caused by: java.lang.NullPointerException: null
	at daos.daoimpl.AttendanceDaoImpl.getAttendanceCountByStatus(AttendanceDaoImpl.java:180)
	at services.serviceimpl.AttendanceServiceImpl.getAttendanceCountByStatus(AttendanceServiceImpl.java:44)
	at controllers.AttendanceController.getAttendanceCountByStatus(AttendanceController.java:79)
	at router.Routes$$anonfun$routes$1.$anonfun$applyOrElse$24(Routes.scala:424)
	at play.core.routing.HandlerInvokerFactory$$anon$8.resultCall(HandlerInvoker.scala:150)
	at play.core.routing.HandlerInvokerFactory$$anon$8.resultCall(HandlerInvoker.scala:149)
	at play.core.routing.HandlerInvokerFactory$JavaActionInvokerFactory$$anon$3$$anon$4$$anon$5.invocation(HandlerInvoker.scala:115)
	at play.core.j.JavaAction$$anon$1.call(JavaAction.scala:119)
	at play.http.DefaultActionCreator$1.call(DefaultActionCreator.java:31)
	at play.core.j.JavaAction.$anonfun$apply$8(JavaAction.scala:175)
	at scala.concurrent.Future$.$anonfun$apply$1(Future.scala:687)
	at scala.concurrent.impl.Promise$Transformation.run(Promise.scala:467)
	at play.core.j.HttpExecutionContext.$anonfun$execute$1(HttpExecutionContext.scala:64)
	at play.api.libs.streams.Execution$trampoline$.execute(Execution.scala:70)
	at play.core.j.HttpExecutionContext.execute(HttpExecutionContext.scala:59)
	at scala.concurrent.impl.Promise$Transformation.submitWithValue(Promise.scala:429)
	at scala.concurrent.impl.Promise$DefaultPromise.submitWithValue(Promise.scala:338)
	at scala.concurrent.impl.Promise$DefaultPromise.dispatchOrAddCallbacks(Promise.scala:312)
	at scala.concurrent.impl.Promise$DefaultPromise.map(Promise.scala:182)
	at scala.concurrent.Future$.apply(Future.scala:687)
	at play.core.j.JavaAction.apply(JavaAction.scala:176)
	at play.api.mvc.Action.$anonfun$apply$4(Action.scala:82)
	at play.api.libs.streams.StrictAccumulator.$anonfun$mapFuture$4(Accumulator.scala:168)
	at scala.util.Try$.apply(Try.scala:210)
	at play.api.libs.streams.StrictAccumulator.$anonfun$mapFuture$3(Accumulator.scala:168)
	at scala.Function1.$anonfun$andThen$1(Function1.scala:87)
	... 21 common frames omitted
2023-10-18 21:13:34,526 [ERROR] from play.api.http.DefaultHttpErrorHandler in application-akka.actor.default-dispatcher-5 - 

! @839cjklob - Internal server error, for (POST) [/getAttendanceCountByStatus] ->
 
play.api.http.HttpErrorHandlerExceptions$$anon$1: Execution exception[[NullPointerException: null]]
	at play.api.http.HttpErrorHandlerExceptions$.$anonfun$convertToPlayException$2(HttpErrorHandler.scala:381)
	at scala.Option.map(Option.scala:242)
	at play.api.http.HttpErrorHandlerExceptions$.convertToPlayException(HttpErrorHandler.scala:380)
	at play.api.http.HttpErrorHandlerExceptions$.throwableToUsefulException(HttpErrorHandler.scala:373)
	at play.api.http.DefaultHttpErrorHandler.onServerError(HttpErrorHandler.scala:264)
	at play.filters.cors.AbstractCORSPolicy$$anonfun$1.applyOrElse(AbstractCORSPolicy.scala:128)
	at play.filters.cors.AbstractCORSPolicy$$anonfun$1.applyOrElse(AbstractCORSPolicy.scala:126)
	at scala.concurrent.impl.Promise$Transformation.run(Promise.scala:490)
	at play.api.libs.streams.Execution$trampoline$.execute(Execution.scala:70)
	at scala.concurrent.impl.Promise$Transformation.submitWithValue(Promise.scala:429)
	at scala.concurrent.impl.Promise$DefaultPromise.submitWithValue(Promise.scala:338)
	at scala.concurrent.impl.Promise$DefaultPromise.dispatchOrAddCallbacks(Promise.scala:312)
	at scala.concurrent.impl.Promise$DefaultPromise.recoverWith(Promise.scala:200)
	at play.api.libs.streams.StrictAccumulator.$anonfun$recoverWith$3(Accumulator.scala:190)
	at scala.Function1.$anonfun$andThen$1(Function1.scala:87)
	at scala.Function1.$anonfun$andThen$1(Function1.scala:87)
	at scala.Function1.$anonfun$andThen$1(Function1.scala:87)
	at scala.Function1.$anonfun$andThen$1(Function1.scala:87)
	at play.api.libs.streams.StrictAccumulator.run(Accumulator.scala:199)
	at play.core.server.AkkaHttpServer.$anonfun$runAction$4(AkkaHttpServer.scala:428)
	at akka.http.scaladsl.util.FastFuture$.strictTransform$1(FastFuture.scala:41)
	at akka.http.scaladsl.util.FastFuture$.$anonfun$transformWith$3(FastFuture.scala:51)
	at scala.concurrent.impl.Promise$Transformation.run(Promise.scala:484)
	at akka.dispatch.BatchingExecutor$AbstractBatch.processBatch(BatchingExecutor.scala:63)
	at akka.dispatch.BatchingExecutor$BlockableBatch.$anonfun$run$1(BatchingExecutor.scala:100)
	at scala.runtime.java8.JFunction0$mcV$sp.apply(JFunction0$mcV$sp.scala:18)
	at scala.concurrent.BlockContext$.withBlockContext(BlockContext.scala:94)
	at akka.dispatch.BatchingExecutor$BlockableBatch.run(BatchingExecutor.scala:100)
	at akka.dispatch.TaskInvocation.run(AbstractDispatcher.scala:49)
	at akka.dispatch.ForkJoinExecutorConfigurator$AkkaForkJoinTask.exec(ForkJoinExecutorConfigurator.scala:48)
	at java.base/java.util.concurrent.ForkJoinTask.doExec(ForkJoinTask.java:290)
	at java.base/java.util.concurrent.ForkJoinPool$WorkQueue.topLevelExec(ForkJoinPool.java:1020)
	at java.base/java.util.concurrent.ForkJoinPool.scan(ForkJoinPool.java:1656)
	at java.base/java.util.concurrent.ForkJoinPool.runWorker(ForkJoinPool.java:1594)
	at java.base/java.util.concurrent.ForkJoinWorkerThread.run(ForkJoinWorkerThread.java:183)
Caused by: java.lang.NullPointerException: null
	at daos.daoimpl.AttendanceDaoImpl.getAttendanceCountByStatus(AttendanceDaoImpl.java:180)
	at services.serviceimpl.AttendanceServiceImpl.getAttendanceCountByStatus(AttendanceServiceImpl.java:44)
	at controllers.AttendanceController.getAttendanceCountByStatus(AttendanceController.java:79)
	at router.Routes$$anonfun$routes$1.$anonfun$applyOrElse$24(Routes.scala:424)
	at play.core.routing.HandlerInvokerFactory$$anon$8.resultCall(HandlerInvoker.scala:150)
	at play.core.routing.HandlerInvokerFactory$$anon$8.resultCall(HandlerInvoker.scala:149)
	at play.core.routing.HandlerInvokerFactory$JavaActionInvokerFactory$$anon$3$$anon$4$$anon$5.invocation(HandlerInvoker.scala:115)
	at play.core.j.JavaAction$$anon$1.call(JavaAction.scala:119)
	at play.http.DefaultActionCreator$1.call(DefaultActionCreator.java:31)
	at play.core.j.JavaAction.$anonfun$apply$8(JavaAction.scala:175)
	at scala.concurrent.Future$.$anonfun$apply$1(Future.scala:687)
	at scala.concurrent.impl.Promise$Transformation.run(Promise.scala:467)
	at play.core.j.HttpExecutionContext.$anonfun$execute$1(HttpExecutionContext.scala:64)
	at play.api.libs.streams.Execution$trampoline$.execute(Execution.scala:70)
	at play.core.j.HttpExecutionContext.execute(HttpExecutionContext.scala:59)
	at scala.concurrent.impl.Promise$Transformation.submitWithValue(Promise.scala:429)
	at scala.concurrent.impl.Promise$DefaultPromise.submitWithValue(Promise.scala:338)
	at scala.concurrent.impl.Promise$DefaultPromise.dispatchOrAddCallbacks(Promise.scala:312)
	at scala.concurrent.impl.Promise$DefaultPromise.map(Promise.scala:182)
	at scala.concurrent.Future$.apply(Future.scala:687)
	at play.core.j.JavaAction.apply(JavaAction.scala:176)
	at play.api.mvc.Action.$anonfun$apply$4(Action.scala:82)
	at play.api.libs.streams.StrictAccumulator.$anonfun$mapFuture$4(Accumulator.scala:168)
	at scala.util.Try$.apply(Try.scala:210)
	at play.api.libs.streams.StrictAccumulator.$anonfun$mapFuture$3(Accumulator.scala:168)
	at scala.Function1.$anonfun$andThen$1(Function1.scala:87)
	... 21 common frames omitted
2023-10-18 21:13:37,800 [ERROR] from play.api.http.DefaultHttpErrorHandler in application-akka.actor.default-dispatcher-6 - 

! @839cjl0k9 - Internal server error, for (POST) [/getAttendanceCountByStatus] ->
 
play.api.http.HttpErrorHandlerExceptions$$anon$1: Execution exception[[NullPointerException: null]]
	at play.api.http.HttpErrorHandlerExceptions$.$anonfun$convertToPlayException$2(HttpErrorHandler.scala:381)
	at scala.Option.map(Option.scala:242)
	at play.api.http.HttpErrorHandlerExceptions$.convertToPlayException(HttpErrorHandler.scala:380)
	at play.api.http.HttpErrorHandlerExceptions$.throwableToUsefulException(HttpErrorHandler.scala:373)
	at play.api.http.DefaultHttpErrorHandler.onServerError(HttpErrorHandler.scala:264)
	at play.filters.cors.AbstractCORSPolicy$$anonfun$1.applyOrElse(AbstractCORSPolicy.scala:128)
	at play.filters.cors.AbstractCORSPolicy$$anonfun$1.applyOrElse(AbstractCORSPolicy.scala:126)
	at scala.concurrent.impl.Promise$Transformation.run(Promise.scala:490)
	at play.api.libs.streams.Execution$trampoline$.execute(Execution.scala:70)
	at scala.concurrent.impl.Promise$Transformation.submitWithValue(Promise.scala:429)
	at scala.concurrent.impl.Promise$DefaultPromise.submitWithValue(Promise.scala:338)
	at scala.concurrent.impl.Promise$DefaultPromise.dispatchOrAddCallbacks(Promise.scala:312)
	at scala.concurrent.impl.Promise$DefaultPromise.recoverWith(Promise.scala:200)
	at play.api.libs.streams.StrictAccumulator.$anonfun$recoverWith$3(Accumulator.scala:190)
	at scala.Function1.$anonfun$andThen$1(Function1.scala:87)
	at scala.Function1.$anonfun$andThen$1(Function1.scala:87)
	at scala.Function1.$anonfun$andThen$1(Function1.scala:87)
	at scala.Function1.$anonfun$andThen$1(Function1.scala:87)
	at play.api.libs.streams.StrictAccumulator.run(Accumulator.scala:199)
	at play.core.server.AkkaHttpServer.$anonfun$runAction$4(AkkaHttpServer.scala:428)
	at akka.http.scaladsl.util.FastFuture$.strictTransform$1(FastFuture.scala:41)
	at akka.http.scaladsl.util.FastFuture$.$anonfun$transformWith$3(FastFuture.scala:51)
	at scala.concurrent.impl.Promise$Transformation.run(Promise.scala:484)
	at akka.dispatch.BatchingExecutor$AbstractBatch.processBatch(BatchingExecutor.scala:63)
	at akka.dispatch.BatchingExecutor$BlockableBatch.$anonfun$run$1(BatchingExecutor.scala:100)
	at scala.runtime.java8.JFunction0$mcV$sp.apply(JFunction0$mcV$sp.scala:18)
	at scala.concurrent.BlockContext$.withBlockContext(BlockContext.scala:94)
	at akka.dispatch.BatchingExecutor$BlockableBatch.run(BatchingExecutor.scala:100)
	at akka.dispatch.TaskInvocation.run(AbstractDispatcher.scala:49)
	at akka.dispatch.ForkJoinExecutorConfigurator$AkkaForkJoinTask.exec(ForkJoinExecutorConfigurator.scala:48)
	at java.base/java.util.concurrent.ForkJoinTask.doExec(ForkJoinTask.java:290)
	at java.base/java.util.concurrent.ForkJoinPool$WorkQueue.topLevelExec(ForkJoinPool.java:1020)
	at java.base/java.util.concurrent.ForkJoinPool.scan(ForkJoinPool.java:1656)
	at java.base/java.util.concurrent.ForkJoinPool.runWorker(ForkJoinPool.java:1594)
	at java.base/java.util.concurrent.ForkJoinWorkerThread.run(ForkJoinWorkerThread.java:183)
Caused by: java.lang.NullPointerException: null
	at daos.daoimpl.AttendanceDaoImpl.getAttendanceCountByStatus(AttendanceDaoImpl.java:180)
	at services.serviceimpl.AttendanceServiceImpl.getAttendanceCountByStatus(AttendanceServiceImpl.java:44)
	at controllers.AttendanceController.getAttendanceCountByStatus(AttendanceController.java:79)
	at router.Routes$$anonfun$routes$1.$anonfun$applyOrElse$24(Routes.scala:424)
	at play.core.routing.HandlerInvokerFactory$$anon$8.resultCall(HandlerInvoker.scala:150)
	at play.core.routing.HandlerInvokerFactory$$anon$8.resultCall(HandlerInvoker.scala:149)
	at play.core.routing.HandlerInvokerFactory$JavaActionInvokerFactory$$anon$3$$anon$4$$anon$5.invocation(HandlerInvoker.scala:115)
	at play.core.j.JavaAction$$anon$1.call(JavaAction.scala:119)
	at play.http.DefaultActionCreator$1.call(DefaultActionCreator.java:31)
	at play.core.j.JavaAction.$anonfun$apply$8(JavaAction.scala:175)
	at scala.concurrent.Future$.$anonfun$apply$1(Future.scala:687)
	at scala.concurrent.impl.Promise$Transformation.run(Promise.scala:467)
	at play.core.j.HttpExecutionContext.$anonfun$execute$1(HttpExecutionContext.scala:64)
	at play.api.libs.streams.Execution$trampoline$.execute(Execution.scala:70)
	at play.core.j.HttpExecutionContext.execute(HttpExecutionContext.scala:59)
	at scala.concurrent.impl.Promise$Transformation.submitWithValue(Promise.scala:429)
	at scala.concurrent.impl.Promise$DefaultPromise.submitWithValue(Promise.scala:338)
	at scala.concurrent.impl.Promise$DefaultPromise.dispatchOrAddCallbacks(Promise.scala:312)
	at scala.concurrent.impl.Promise$DefaultPromise.map(Promise.scala:182)
	at scala.concurrent.Future$.apply(Future.scala:687)
	at play.core.j.JavaAction.apply(JavaAction.scala:176)
	at play.api.mvc.Action.$anonfun$apply$4(Action.scala:82)
	at play.api.libs.streams.StrictAccumulator.$anonfun$mapFuture$4(Accumulator.scala:168)
	at scala.util.Try$.apply(Try.scala:210)
	at play.api.libs.streams.StrictAccumulator.$anonfun$mapFuture$3(Accumulator.scala:168)
	at scala.Function1.$anonfun$andThen$1(Function1.scala:87)
	... 21 common frames omitted
2023-10-18 21:13:58,757 [ERROR] from play.api.http.DefaultHttpErrorHandler in application-akka.actor.default-dispatcher-5 - 

! @839cjm5k9 - Internal server error, for (POST) [/getAttendanceCountByStatus] ->
 
play.api.http.HttpErrorHandlerExceptions$$anon$1: Execution exception[[NullPointerException: null]]
	at play.api.http.HttpErrorHandlerExceptions$.$anonfun$convertToPlayException$2(HttpErrorHandler.scala:381)
	at scala.Option.map(Option.scala:242)
	at play.api.http.HttpErrorHandlerExceptions$.convertToPlayException(HttpErrorHandler.scala:380)
	at play.api.http.HttpErrorHandlerExceptions$.throwableToUsefulException(HttpErrorHandler.scala:373)
	at play.api.http.DefaultHttpErrorHandler.onServerError(HttpErrorHandler.scala:264)
	at play.filters.cors.AbstractCORSPolicy$$anonfun$1.applyOrElse(AbstractCORSPolicy.scala:128)
	at play.filters.cors.AbstractCORSPolicy$$anonfun$1.applyOrElse(AbstractCORSPolicy.scala:126)
	at scala.concurrent.impl.Promise$Transformation.run(Promise.scala:490)
	at play.api.libs.streams.Execution$trampoline$.execute(Execution.scala:70)
	at scala.concurrent.impl.Promise$Transformation.submitWithValue(Promise.scala:429)
	at scala.concurrent.impl.Promise$DefaultPromise.submitWithValue(Promise.scala:338)
	at scala.concurrent.impl.Promise$DefaultPromise.dispatchOrAddCallbacks(Promise.scala:312)
	at scala.concurrent.impl.Promise$DefaultPromise.recoverWith(Promise.scala:200)
	at play.api.libs.streams.StrictAccumulator.$anonfun$recoverWith$3(Accumulator.scala:190)
	at scala.Function1.$anonfun$andThen$1(Function1.scala:87)
	at scala.Function1.$anonfun$andThen$1(Function1.scala:87)
	at scala.Function1.$anonfun$andThen$1(Function1.scala:87)
	at scala.Function1.$anonfun$andThen$1(Function1.scala:87)
	at play.api.libs.streams.StrictAccumulator.run(Accumulator.scala:199)
	at play.core.server.AkkaHttpServer.$anonfun$runAction$4(AkkaHttpServer.scala:428)
	at akka.http.scaladsl.util.FastFuture$.strictTransform$1(FastFuture.scala:41)
	at akka.http.scaladsl.util.FastFuture$.$anonfun$transformWith$3(FastFuture.scala:51)
	at scala.concurrent.impl.Promise$Transformation.run(Promise.scala:484)
	at akka.dispatch.BatchingExecutor$AbstractBatch.processBatch(BatchingExecutor.scala:63)
	at akka.dispatch.BatchingExecutor$BlockableBatch.$anonfun$run$1(BatchingExecutor.scala:100)
	at scala.runtime.java8.JFunction0$mcV$sp.apply(JFunction0$mcV$sp.scala:18)
	at scala.concurrent.BlockContext$.withBlockContext(BlockContext.scala:94)
	at akka.dispatch.BatchingExecutor$BlockableBatch.run(BatchingExecutor.scala:100)
	at akka.dispatch.TaskInvocation.run(AbstractDispatcher.scala:49)
	at akka.dispatch.ForkJoinExecutorConfigurator$AkkaForkJoinTask.exec(ForkJoinExecutorConfigurator.scala:48)
	at java.base/java.util.concurrent.ForkJoinTask.doExec(ForkJoinTask.java:290)
	at java.base/java.util.concurrent.ForkJoinPool$WorkQueue.topLevelExec(ForkJoinPool.java:1020)
	at java.base/java.util.concurrent.ForkJoinPool.scan(ForkJoinPool.java:1656)
	at java.base/java.util.concurrent.ForkJoinPool.runWorker(ForkJoinPool.java:1594)
	at java.base/java.util.concurrent.ForkJoinWorkerThread.run(ForkJoinWorkerThread.java:183)
Caused by: java.lang.NullPointerException: null
	at daos.daoimpl.AttendanceDaoImpl.getAttendanceCountByStatus(AttendanceDaoImpl.java:180)
	at services.serviceimpl.AttendanceServiceImpl.getAttendanceCountByStatus(AttendanceServiceImpl.java:44)
	at controllers.AttendanceController.getAttendanceCountByStatus(AttendanceController.java:79)
	at router.Routes$$anonfun$routes$1.$anonfun$applyOrElse$24(Routes.scala:424)
	at play.core.routing.HandlerInvokerFactory$$anon$8.resultCall(HandlerInvoker.scala:150)
	at play.core.routing.HandlerInvokerFactory$$anon$8.resultCall(HandlerInvoker.scala:149)
	at play.core.routing.HandlerInvokerFactory$JavaActionInvokerFactory$$anon$3$$anon$4$$anon$5.invocation(HandlerInvoker.scala:115)
	at play.core.j.JavaAction$$anon$1.call(JavaAction.scala:119)
	at play.http.DefaultActionCreator$1.call(DefaultActionCreator.java:31)
	at play.core.j.JavaAction.$anonfun$apply$8(JavaAction.scala:175)
	at scala.concurrent.Future$.$anonfun$apply$1(Future.scala:687)
	at scala.concurrent.impl.Promise$Transformation.run(Promise.scala:467)
	at play.core.j.HttpExecutionContext.$anonfun$execute$1(HttpExecutionContext.scala:64)
	at play.api.libs.streams.Execution$trampoline$.execute(Execution.scala:70)
	at play.core.j.HttpExecutionContext.execute(HttpExecutionContext.scala:59)
	at scala.concurrent.impl.Promise$Transformation.submitWithValue(Promise.scala:429)
	at scala.concurrent.impl.Promise$DefaultPromise.submitWithValue(Promise.scala:338)
	at scala.concurrent.impl.Promise$DefaultPromise.dispatchOrAddCallbacks(Promise.scala:312)
	at scala.concurrent.impl.Promise$DefaultPromise.map(Promise.scala:182)
	at scala.concurrent.Future$.apply(Future.scala:687)
	at play.core.j.JavaAction.apply(JavaAction.scala:176)
	at play.api.mvc.Action.$anonfun$apply$4(Action.scala:82)
	at play.api.libs.streams.StrictAccumulator.$anonfun$mapFuture$4(Accumulator.scala:168)
	at scala.util.Try$.apply(Try.scala:210)
	at play.api.libs.streams.StrictAccumulator.$anonfun$mapFuture$3(Accumulator.scala:168)
	at scala.Function1.$anonfun$andThen$1(Function1.scala:87)
	... 21 common frames omitted
2023-10-19 00:16:21,733 [INFO] from play.api.internal.libs.concurrent.CoordinatedShutdownSupport in pool-7-thread-9 - Starting synchronous coordinated shutdown with ServerStoppedReason reason and 35000 milliseconds timeout
2023-10-19 00:16:22,952 [INFO] from play.core.server.AkkaHttpServer in pool-7-thread-9 - Stopping Akka HTTP server...
2023-10-19 00:16:24,297 [INFO] from play.core.server.AkkaHttpServer in play-dev-mode-akka.actor.internal-dispatcher-98 - Terminating server binding for /0:0:0:0:0:0:0:0:9000
2023-10-19 00:16:26,489 [INFO] from play.api.db.HikariCPConnectionPool in application-akka.actor.internal-dispatcher-2 - Shutting down connection pool.
2023-10-19 00:16:27,675 [INFO] from play.core.server.AkkaHttpServer in play-dev-mode-akka.actor.internal-dispatcher-102 - Running provided shutdown stop hooks
